<?xml version="1.0" encoding="UTF-8"?>
<!-- Generated by org.testng.reporters.JUnitReportReporter -->
<testsuite skipped="0" hostname="admin-PC" name="com.test.FirstTest" tests="3" failures="0" timestamp="20 Feb 2019 18:46:39 GMT" time="0.023" errors="0">
  <testcase name="googleLogoTest" time="0.012" classname="com.test.FirstTest"/>
  <testcase name="searchTest" time="0.006" classname="com.test.FirstTest"/>
  <testcase name="googleTitleTest" time="0.005" classname="com.test.FirstTest"/>
</testsuite> <!-- com.test.FirstTest -->
