<?xml version="1.0" encoding="UTF-8"?>
<!-- Generated by org.testng.reporters.JUnitReportReporter -->
<testsuite skipped="0" hostname="admin-PC" name="com.test.GoogleTest" tests="6" failures="0" timestamp="20 Feb 2019 19:41:09 GMT" time="224.578" errors="0">
  <testcase name="googleTitleTest" time="38.730" classname="com.test.GoogleTest"/>
  <testcase name="googleLogoTest" time="36.265" classname="com.test.GoogleTest"/>
  <testcase name="MailLinkTest" time="38.890" classname="com.test.GoogleTest"/>
  <testcase name="test1" time="36.086" classname="com.test.GoogleTest"/>
  <testcase name="test2" time="36.788" classname="com.test.GoogleTest"/>
  <testcase name="test3" time="37.819" classname="com.test.GoogleTest"/>
</testsuite> <!-- com.test.GoogleTest -->
